build/app/intermediates/manifest_merge_blame_file/debug/manifest-merger-blame-debug-report.txt
1<?xml version="1.0" encoding="utf-8"?>
2<manifest xmlns:android="http://schemas.android.com/apk/res/android"
3    package="com.example.hh_express"
4    android:versionCode="1"
5    android:versionName="1.0.0" >
6
7    <uses-sdk
8        android:minSdkVersion="21"
9        android:targetSdkVersion="30" />
10    <!--
11         The INTERNET permission is required for development. Specifically,
12         the Flutter tool needs it to communicate with the running application
13         to allow setting breakpoints, to provide hot reload, etc.
14    -->
15    <uses-permission android:name="android.permission.INTERNET" />
15-->src\debug\AndroidManifest.xml:6:5-66
15-->src\debug\AndroidManifest.xml:6:22-64
16    <uses-permission android:name="android.permission.WAKE_LOCK" />
16-->[:firebase_messaging] AndroidManifest.xml:10:5-68
16-->[:firebase_messaging] AndroidManifest.xml:10:22-65
17    <uses-permission android:name="android.permission.ACCESS_NETWORK_STATE" /> <!-- Permissions options for the `notification` group -->
17-->[:firebase_messaging] AndroidManifest.xml:11:5-79
17-->[:firebase_messaging] AndroidManifest.xml:11:22-76
18    <uses-permission android:name="android.permission.POST_NOTIFICATIONS" /> <!-- Required by older versions of Google Play services to create IID tokens -->
18-->[:firebase_messaging] AndroidManifest.xml:13:5-77
18-->[:firebase_messaging] AndroidManifest.xml:13:22-74
19    <uses-permission android:name="com.google.android.c2dm.permission.RECEIVE" />
19-->[com.google.firebase:firebase-iid:21.1.0] AndroidManifest.xml:26:5-82
19-->[com.google.firebase:firebase-iid:21.1.0] AndroidManifest.xml:26:22-79
20
21    <application
22        android:name="android.app.Application"
23        android:appComponentFactory="androidx.core.app.CoreComponentFactory"
23-->[androidx.core:core:1.6.0] AndroidManifest.xml:24:18-86
24        android:debuggable="true"
25        android:icon="@mipmap/ic_launcher"
26        android:label="hh_express" >
27        <activity
28            android:name="com.example.hh_express.MainActivity"
29            android:configChanges="orientation|keyboardHidden|keyboard|screenSize|smallestScreenSize|locale|layoutDirection|fontScale|screenLayout|density|uiMode"
30            android:exported="true"
31            android:hardwareAccelerated="true"
32            android:launchMode="singleTop"
33            android:theme="@style/LaunchTheme"
34            android:windowSoftInputMode="adjustResize" >
35
36            <!--
37                 Specifies an Android theme to apply to this Activity as soon as
38                 the Android process has started. This theme is visible to the user
39                 while the Flutter UI initializes. After that, this theme continues
40                 to determine the Window background behind the Flutter UI.
41            -->
42            <meta-data
43                android:name="io.flutter.embedding.android.NormalTheme"
44                android:resource="@style/NormalTheme" />
45
46            <intent-filter>
47                <action android:name="android.intent.action.MAIN" />
48
49                <category android:name="android.intent.category.LAUNCHER" />
50            </intent-filter>
51        </activity>
52        <!--
53             Don't delete the meta-data below.
54             This is used by the Flutter tool to generate GeneratedPluginRegistrant.java
55        -->
56        <meta-data
57            android:name="flutterEmbedding"
58            android:value="2" />
59
60        <service
60-->[:firebase_messaging] AndroidManifest.xml:16:9-19:72
61            android:name="io.flutter.plugins.firebase.messaging.FlutterFirebaseMessagingBackgroundService"
61-->[:firebase_messaging] AndroidManifest.xml:17:13-107
62            android:exported="false"
62-->[:firebase_messaging] AndroidManifest.xml:18:13-37
63            android:permission="android.permission.BIND_JOB_SERVICE" />
63-->[:firebase_messaging] AndroidManifest.xml:19:13-69
64        <service
64-->[:firebase_messaging] AndroidManifest.xml:20:9-26:19
65            android:name="io.flutter.plugins.firebase.messaging.FlutterFirebaseMessagingService"
65-->[:firebase_messaging] AndroidManifest.xml:21:13-97
66            android:exported="false" >
66-->[:firebase_messaging] AndroidManifest.xml:22:13-37
67            <intent-filter>
67-->[:firebase_messaging] AndroidManifest.xml:23:13-25:29
68                <action android:name="com.google.firebase.MESSAGING_EVENT" />
68-->[:firebase_messaging] AndroidManifest.xml:24:17-78
68-->[:firebase_messaging] AndroidManifest.xml:24:25-75
69            </intent-filter>
70        </service>
71
72        <receiver
72-->[:firebase_messaging] AndroidManifest.xml:28:9-35:20
73            android:name="io.flutter.plugins.firebase.messaging.FlutterFirebaseMessagingReceiver"
73-->[:firebase_messaging] AndroidManifest.xml:29:13-98
74            android:exported="true"
74-->[:firebase_messaging] AndroidManifest.xml:30:13-36
75            android:permission="com.google.android.c2dm.permission.SEND" >
75-->[:firebase_messaging] AndroidManifest.xml:31:13-73
76            <intent-filter>
76-->[:firebase_messaging] AndroidManifest.xml:32:13-34:29
77                <action android:name="com.google.android.c2dm.intent.RECEIVE" />
77-->[:firebase_messaging] AndroidManifest.xml:33:17-81
77-->[:firebase_messaging] AndroidManifest.xml:33:25-78
78            </intent-filter>
79        </receiver>
80
81        <service
81-->[:firebase_messaging] AndroidManifest.xml:37:9-41:19
82            android:name="com.google.firebase.components.ComponentDiscoveryService"
82-->[:firebase_messaging] AndroidManifest.xml:37:18-89
83            android:directBootAware="true"
83-->[com.google.firebase:firebase-common:20.3.2] AndroidManifest.xml:34:13-43
84            android:exported="false" >
84-->[com.google.firebase:firebase-iid:21.1.0] AndroidManifest.xml:31:13-37
85            <meta-data
85-->[:firebase_messaging] AndroidManifest.xml:38:13-40:85
86                android:name="com.google.firebase.components:io.flutter.plugins.firebase.messaging.FlutterFirebaseAppRegistrar"
86-->[:firebase_messaging] AndroidManifest.xml:39:17-128
87                android:value="com.google.firebase.components.ComponentRegistrar" />
87-->[:firebase_messaging] AndroidManifest.xml:40:17-82
88            <meta-data
88-->[:firebase_core] AndroidManifest.xml:11:13-13:85
89                android:name="com.google.firebase.components:io.flutter.plugins.firebase.core.FlutterFirebaseCoreRegistrar"
89-->[:firebase_core] AndroidManifest.xml:12:17-124
90                android:value="com.google.firebase.components.ComponentRegistrar" />
90-->[:firebase_core] AndroidManifest.xml:13:17-82
91            <meta-data
91-->[com.google.firebase:firebase-iid:21.1.0] AndroidManifest.xml:32:13-34:85
92                android:name="com.google.firebase.components:com.google.firebase.iid.Registrar"
92-->[com.google.firebase:firebase-iid:21.1.0] AndroidManifest.xml:33:17-96
93                android:value="com.google.firebase.components.ComponentRegistrar" />
93-->[com.google.firebase:firebase-iid:21.1.0] AndroidManifest.xml:34:17-82
94            <meta-data
94-->[com.google.firebase:firebase-messaging:23.1.2] AndroidManifest.xml:55:13-57:85
95                android:name="com.google.firebase.components:com.google.firebase.messaging.FirebaseMessagingRegistrar"
95-->[com.google.firebase:firebase-messaging:23.1.2] AndroidManifest.xml:56:17-119
96                android:value="com.google.firebase.components.ComponentRegistrar" />
96-->[com.google.firebase:firebase-messaging:23.1.2] AndroidManifest.xml:57:17-82
97            <meta-data
97-->[com.google.firebase:firebase-installations:17.1.3] AndroidManifest.xml:17:13-19:85
98                android:name="com.google.firebase.components:com.google.firebase.installations.FirebaseInstallationsRegistrar"
98-->[com.google.firebase:firebase-installations:17.1.3] AndroidManifest.xml:18:17-127
99                android:value="com.google.firebase.components.ComponentRegistrar" />
99-->[com.google.firebase:firebase-installations:17.1.3] AndroidManifest.xml:19:17-82
100            <meta-data
100-->[com.google.firebase:firebase-datatransport:18.1.7] AndroidManifest.xml:27:13-29:85
101                android:name="com.google.firebase.components:com.google.firebase.datatransport.TransportRegistrar"
101-->[com.google.firebase:firebase-datatransport:18.1.7] AndroidManifest.xml:28:17-115
102                android:value="com.google.firebase.components.ComponentRegistrar" />
102-->[com.google.firebase:firebase-datatransport:18.1.7] AndroidManifest.xml:29:17-82
103        </service>
104
105        <provider
105-->[:firebase_messaging] AndroidManifest.xml:43:9-47:38
106            android:name="io.flutter.plugins.firebase.messaging.FlutterFirebaseMessagingInitProvider"
106-->[:firebase_messaging] AndroidManifest.xml:44:13-102
107            android:authorities="com.example.hh_express.flutterfirebasemessaginginitprovider"
107-->[:firebase_messaging] AndroidManifest.xml:45:13-88
108            android:exported="false"
108-->[:firebase_messaging] AndroidManifest.xml:46:13-37
109            android:initOrder="99" />
109-->[:firebase_messaging] AndroidManifest.xml:47:13-35
110
111        <activity
111-->[:url_launcher_android] AndroidManifest.xml:10:9-13:74
112            android:name="io.flutter.plugins.urllauncher.WebViewActivity"
112-->[:url_launcher_android] AndroidManifest.xml:11:13-74
113            android:exported="false"
113-->[:url_launcher_android] AndroidManifest.xml:12:13-37
114            android:theme="@android:style/Theme.NoTitleBar.Fullscreen" />
114-->[:url_launcher_android] AndroidManifest.xml:13:13-71
115
116        <uses-library
116-->[androidx.window:window:1.0.0-beta04] AndroidManifest.xml:25:9-27:40
117            android:name="androidx.window.extensions"
117-->[androidx.window:window:1.0.0-beta04] AndroidManifest.xml:26:13-54
118            android:required="false" />
118-->[androidx.window:window:1.0.0-beta04] AndroidManifest.xml:27:13-37
119        <uses-library
119-->[androidx.window:window:1.0.0-beta04] AndroidManifest.xml:28:9-30:40
120            android:name="androidx.window.sidecar"
120-->[androidx.window:window:1.0.0-beta04] AndroidManifest.xml:29:13-51
121            android:required="false" />
121-->[androidx.window:window:1.0.0-beta04] AndroidManifest.xml:30:13-37
122
123        <receiver
123-->[com.google.firebase:firebase-messaging:23.1.2] AndroidManifest.xml:31:9-38:20
124            android:name="com.google.firebase.iid.FirebaseInstanceIdReceiver"
124-->[com.google.firebase:firebase-messaging:23.1.2] AndroidManifest.xml:32:13-78
125            android:exported="true"
125-->[com.google.firebase:firebase-messaging:23.1.2] AndroidManifest.xml:33:13-36
126            android:permission="com.google.android.c2dm.permission.SEND" >
126-->[com.google.firebase:firebase-messaging:23.1.2] AndroidManifest.xml:34:13-73
127            <intent-filter>
127-->[:firebase_messaging] AndroidManifest.xml:32:13-34:29
128                <action android:name="com.google.android.c2dm.intent.RECEIVE" />
128-->[:firebase_messaging] AndroidManifest.xml:33:17-81
128-->[:firebase_messaging] AndroidManifest.xml:33:25-78
129            </intent-filter>
130        </receiver>
131        <!--
132             FirebaseMessagingService performs security checks at runtime,
133             but set to not exported to explicitly avoid allowing another app to call it.
134        -->
135        <service
135-->[com.google.firebase:firebase-messaging:23.1.2] AndroidManifest.xml:44:9-51:19
136            android:name="com.google.firebase.messaging.FirebaseMessagingService"
136-->[com.google.firebase:firebase-messaging:23.1.2] AndroidManifest.xml:45:13-82
137            android:directBootAware="true"
137-->[com.google.firebase:firebase-messaging:23.1.2] AndroidManifest.xml:46:13-43
138            android:exported="false" >
138-->[com.google.firebase:firebase-messaging:23.1.2] AndroidManifest.xml:47:13-37
139            <intent-filter android:priority="-500" >
139-->[:firebase_messaging] AndroidManifest.xml:23:13-25:29
140                <action android:name="com.google.firebase.MESSAGING_EVENT" />
140-->[:firebase_messaging] AndroidManifest.xml:24:17-78
140-->[:firebase_messaging] AndroidManifest.xml:24:25-75
141            </intent-filter>
142        </service>
143
144        <provider
144-->[com.google.firebase:firebase-common:20.3.2] AndroidManifest.xml:25:9-30:39
145            android:name="com.google.firebase.provider.FirebaseInitProvider"
145-->[com.google.firebase:firebase-common:20.3.2] AndroidManifest.xml:26:13-77
146            android:authorities="com.example.hh_express.firebaseinitprovider"
146-->[com.google.firebase:firebase-common:20.3.2] AndroidManifest.xml:27:13-72
147            android:directBootAware="true"
147-->[com.google.firebase:firebase-common:20.3.2] AndroidManifest.xml:28:13-43
148            android:exported="false"
148-->[com.google.firebase:firebase-common:20.3.2] AndroidManifest.xml:29:13-37
149            android:initOrder="100" />
149-->[com.google.firebase:firebase-common:20.3.2] AndroidManifest.xml:30:13-36
150
151        <activity
151-->[com.google.android.gms:play-services-base:18.0.1] AndroidManifest.xml:20:9-22:45
152            android:name="com.google.android.gms.common.api.GoogleApiActivity"
152-->[com.google.android.gms:play-services-base:18.0.1] AndroidManifest.xml:20:19-85
153            android:exported="false"
153-->[com.google.android.gms:play-services-base:18.0.1] AndroidManifest.xml:22:19-43
154            android:theme="@android:style/Theme.Translucent.NoTitleBar" />
154-->[com.google.android.gms:play-services-base:18.0.1] AndroidManifest.xml:21:19-78
155
156        <meta-data
156-->[com.google.android.gms:play-services-basement:18.1.0] AndroidManifest.xml:21:9-23:69
157            android:name="com.google.android.gms.version"
157-->[com.google.android.gms:play-services-basement:18.1.0] AndroidManifest.xml:22:13-58
158            android:value="@integer/google_play_services_version" />
158-->[com.google.android.gms:play-services-basement:18.1.0] AndroidManifest.xml:23:13-66
159
160        <service
160-->[com.google.android.datatransport:transport-backend-cct:3.1.8] AndroidManifest.xml:28:9-34:19
161            android:name="com.google.android.datatransport.runtime.backends.TransportBackendDiscovery"
161-->[com.google.android.datatransport:transport-backend-cct:3.1.8] AndroidManifest.xml:29:13-103
162            android:exported="false" >
162-->[com.google.android.datatransport:transport-backend-cct:3.1.8] AndroidManifest.xml:30:13-37
163            <meta-data
163-->[com.google.android.datatransport:transport-backend-cct:3.1.8] AndroidManifest.xml:31:13-33:39
164                android:name="backend:com.google.android.datatransport.cct.CctBackendFactory"
164-->[com.google.android.datatransport:transport-backend-cct:3.1.8] AndroidManifest.xml:32:17-94
165                android:value="cct" />
165-->[com.google.android.datatransport:transport-backend-cct:3.1.8] AndroidManifest.xml:33:17-36
166        </service>
167        <service
167-->[com.google.android.datatransport:transport-runtime:3.1.8] AndroidManifest.xml:26:9-30:19
168            android:name="com.google.android.datatransport.runtime.scheduling.jobscheduling.JobInfoSchedulerService"
168-->[com.google.android.datatransport:transport-runtime:3.1.8] AndroidManifest.xml:27:13-117
169            android:exported="false"
169-->[com.google.android.datatransport:transport-runtime:3.1.8] AndroidManifest.xml:28:13-37
170            android:permission="android.permission.BIND_JOB_SERVICE" >
170-->[com.google.android.datatransport:transport-runtime:3.1.8] AndroidManifest.xml:29:13-69
171        </service>
172
173        <receiver
173-->[com.google.android.datatransport:transport-runtime:3.1.8] AndroidManifest.xml:32:9-34:40
174            android:name="com.google.android.datatransport.runtime.scheduling.jobscheduling.AlarmManagerSchedulerBroadcastReceiver"
174-->[com.google.android.datatransport:transport-runtime:3.1.8] AndroidManifest.xml:33:13-132
175            android:exported="false" />
175-->[com.google.android.datatransport:transport-runtime:3.1.8] AndroidManifest.xml:34:13-37
176    </application>
177
178</manifest>